<?xml version="1.0" encoding="UTF-8"?>
<testng-results ignored="2" total="4" passed="2" failed="0" skipped="0">
  <reporter-output>
  </reporter-output>
  <suite started-at="2022-10-18T22:13:57 IST" name="Suite" finished-at="2022-10-18T22:15:48 IST" duration-ms="111275">
    <groups>
    </groups>
    <test started-at="2022-10-18T22:13:57 IST" name="Test" finished-at="2022-10-18T22:14:54 IST" duration-ms="57373">
      <class name="com.example.flipkarttest">
        <test-method is-config="true" signature="config(java.lang.String)[pri:0, instance:com.example.flipkarttest@24fcf36f]" started-at="2022-10-18T22:13:57 IST" name="config" finished-at="2022-10-18T22:13:59 IST" duration-ms="1509" status="PASS">
          <params>
            <param index="0">
              <value>
                <![CDATA[chrome]]>
              </value>
            </param>
          </params>
          <reporter-output>
          </reporter-output>
        </test-method> <!-- config -->
        <test-method signature="chrome(java.lang.String)[pri:0, instance:com.example.flipkarttest@24fcf36f]" started-at="2022-10-18T22:13:59 IST" name="chrome" finished-at="2022-10-18T22:14:54 IST" duration-ms="55825" status="PASS">
          <params>
            <param index="0">
              <value>
                <![CDATA[https://www.flipkart.com/]]>
              </value>
            </param>
          </params>
          <reporter-output>
          </reporter-output>
        </test-method> <!-- chrome -->
      </class> <!-- com.example.flipkarttest -->
    </test> <!-- Test -->
    <test started-at="2022-10-18T22:14:55 IST" name="Test2" finished-at="2022-10-18T22:15:48 IST" duration-ms="53881">
      <class name="com.example.flipkarttest">
        <test-method is-config="true" signature="config(java.lang.String)[pri:0, instance:com.example.flipkarttest@7e7be63f]" started-at="2022-10-18T22:14:55 IST" name="config" finished-at="2022-10-18T22:14:57 IST" duration-ms="2849" status="PASS">
          <params>
            <param index="0">
              <value>
                <![CDATA[edge]]>
              </value>
            </param>
          </params>
          <reporter-output>
          </reporter-output>
        </test-method> <!-- config -->
        <test-method signature="edge(java.lang.String)[pri:0, instance:com.example.flipkarttest@7e7be63f]" started-at="2022-10-18T22:14:57 IST" name="edge" finished-at="2022-10-18T22:15:48 IST" duration-ms="51022" status="PASS">
          <params>
            <param index="0">
              <value>
                <![CDATA[https://www.flipkart.com/]]>
              </value>
            </param>
          </params>
          <reporter-output>
          </reporter-output>
        </test-method> <!-- edge -->
      </class> <!-- com.example.flipkarttest -->
    </test> <!-- Test2 -->
  </suite> <!-- Suite -->
</testng-results>
